<?xml version="1.0" encoding="UTF-8"?>
<!-- Generated by org.testng.reporters.JUnitReportReporter -->
<testsuite hostname="INH-LT605" failures="0" tests="1" name="com.learn.testcases.LoginTestPhp" time="23.537" errors="0" timestamp="2022-09-21T19:29:15 IST" skipped="0">
  <testcase classname="com.learn.testcases.LoginTestPhp" name="loginApp" time="23.537"/>
  <system-out/>
</testsuite> <!-- com.learn.testcases.LoginTestPhp -->
