<?xml version="1.0" encoding="UTF-8"?>
<!-- Generated by org.testng.reporters.JUnitReportReporter -->
<testsuite hostname="INH-LT605" failures="0" tests="2" name="com.learn.testcases.TestCasesPhp" time="31.243" errors="0" timestamp="2022-09-27T11:50:23 IST" skipped="0">
  <testcase classname="com.learn.testcases.TestCasesPhp" name="loginApp" time="19.267"/>
  <system-out/>
  <testcase classname="com.learn.testcases.TestCasesPhp" name="logoutApp" time="11.976"/>
  <system-out/>
</testsuite> <!-- com.learn.testcases.TestCasesPhp -->
